# JRE version: OpenJDK Runtime Environment (22.0.1+8) (build 22.0.1+8-16)
# Java VM: OpenJDK 64-Bit Server VM (22.0.1+8-16, mixed mode, emulated-client, sharing, tiered, compressed oops, compressed class ptrs, g1 gc, windows-amd64)
GC Precious Log:
 CardTable entry size: 512
 Card Set container configuration: InlinePtr #cards 4 size 8 Array Of Cards #cards 16 size 48 Howl #buckets 8 coarsen threshold 3686 Howl Bitmap #cards 512 size 80 coarsen threshold 460 Card regions per heap region 1 cards per card region 4096
 CPUs: 12 total, 12 available
 Memory: 16205M
 Large Page Support: Disabled
 NUMA Support: Disabled
 Compressed Oops: Enabled (Zero based)
 Heap Region Size: 2M
 Heap Min Capacity: 8M
 Heap Initial Capacity: 254M
 Heap Max Capacity: 4052M
 Pre-touch: Disabled
 Parallel Workers: 10
 Concurrent Workers: 3
 Concurrent Refinement Workers: 10
 Periodic GC: Disabled
Heap:
 garbage-first heap   total reserved 4149248K, committed 96256K, used 71152K [0x0000000702c00000, 0x0000000800000000)
  region size 2048K, 15 young (30720K), 2 survivors (4096K)
 Metaspace       used 70130K, committed 70912K, reserved 1114112K
  class space    used 10339K, committed 10688K, reserved 1048576K
GC Heap History (20 events):
Event: 3.315 GC heap before
{Heap before GC invocations=8 (full 0):
 garbage-first heap   total reserved 4149248K, committed 61440K, used 46678K [0x0000000702c00000, 0x0000000800000000)
  region size 2048K, 14 young (28672K), 2 survivors (4096K)
 Metaspace       used 31449K, committed 31936K, reserved 1114112K
  class space    used 4333K, committed 4544K, reserved 1048576K
}
Event: 3.319 GC heap after
{Heap after GC invocations=9 (full 0):
 garbage-first heap   total reserved 4149248K, committed 61440K, used 25279K [0x0000000702c00000, 0x0000000800000000)
  region size 2048K, 2 young (4096K), 2 survivors (4096K)
 Metaspace       used 31449K, committed 31936K, reserved 1114112K
  class space    used 4333K, committed 4544K, reserved 1048576K
}
Event: 3.471 GC heap before
{Heap before GC invocations=9 (full 0):
 garbage-first heap   total reserved 4149248K, committed 61440K, used 33471K [0x0000000702c00000, 0x0000000800000000)
  region size 2048K, 7 young (14336K), 2 survivors (4096K)
 Metaspace       used 32402K, committed 32896K, reserved 1114112K
  class space    used 4502K, committed 4736K, reserved 1048576K
}
Event: 3.475 GC heap after
{Heap after GC invocations=10 (full 0):
 garbage-first heap   total reserved 4149248K, committed 161792K, used 26492K [0x0000000702c00000, 0x0000000800000000)
  region size 2048K, 2 young (4096K), 2 survivors (4096K)
 Metaspace       used 32402K, committed 32896K, reserved 1114112K
  class space    used 4502K, committed 4736K, reserved 1048576K
}
Event: 4.404 GC heap before
{Heap before GC invocations=11 (full 0):
 garbage-first heap   total reserved 4149248K, committed 96256K, used 79740K [0x0000000702c00000, 0x0000000800000000)
  region size 2048K, 28 young (57344K), 2 survivors (4096K)
 Metaspace       used 37806K, committed 38400K, reserved 1114112K
  class space    used 5263K, committed 5504K, reserved 1048576K
}
Event: 4.408 GC heap after
{Heap after GC invocations=12 (full 0):
 garbage-first heap   total reserved 4149248K, committed 96256K, used 29403K [0x0000000702c00000, 0x0000000800000000)
  region size 2048K, 3 young (6144K), 3 survivors (6144K)
 Metaspace       used 37806K, committed 38400K, reserved 1114112K
  class space    used 5263K, committed 5504K, reserved 1048576K
}
Event: 5.076 GC heap before
{Heap before GC invocations=12 (full 0):
 garbage-first heap   total reserved 4149248K, committed 96256K, used 80603K [0x0000000702c00000, 0x0000000800000000)
  region size 2048K, 28 young (57344K), 3 survivors (6144K)
 Metaspace       used 41654K, committed 42368K, reserved 1114112K
  class space    used 5769K, committed 6080K, reserved 1048576K
}
Event: 5.082 GC heap after
{Heap after GC invocations=13 (full 0):
 garbage-first heap   total reserved 4149248K, committed 96256K, used 32465K [0x0000000702c00000, 0x0000000800000000)
  region size 2048K, 4 young (8192K), 4 survivors (8192K)
 Metaspace       used 41654K, committed 42368K, reserved 1114112K
  class space    used 5769K, committed 6080K, reserved 1048576K
}
Event: 6.052 GC heap before
{Heap before GC invocations=13 (full 0):
 garbage-first heap   total reserved 4149248K, committed 96256K, used 79569K [0x0000000702c00000, 0x0000000800000000)
  region size 2048K, 27 young (55296K), 4 survivors (8192K)
 Metaspace       used 50915K, committed 51584K, reserved 1114112K
  class space    used 7123K, committed 7424K, reserved 1048576K
}
Event: 6.060 GC heap after
{Heap after GC invocations=14 (full 0):
 garbage-first heap   total reserved 4149248K, committed 96256K, used 35771K [0x0000000702c00000, 0x0000000800000000)
  region size 2048K, 4 young (8192K), 4 survivors (8192K)
 Metaspace       used 50915K, committed 51584K, reserved 1114112K
  class space    used 7123K, committed 7424K, reserved 1048576K
}
Event: 6.496 GC heap before
{Heap before GC invocations=14 (full 0):
 garbage-first heap   total reserved 4149248K, committed 96256K, used 64443K [0x0000000702c00000, 0x0000000800000000)
  region size 2048K, 19 young (38912K), 4 survivors (8192K)
 Metaspace       used 54344K, committed 54976K, reserved 1114112K
  class space    used 7596K, committed 7872K, reserved 1048576K
}
Event: 6.502 GC heap after
{Heap after GC invocations=15 (full 0):
 garbage-first heap   total reserved 4149248K, committed 96256K, used 37557K [0x0000000702c00000, 0x0000000800000000)
  region size 2048K, 3 young (6144K), 3 survivors (6144K)
 Metaspace       used 54344K, committed 54976K, reserved 1114112K
  class space    used 7596K, committed 7872K, reserved 1048576K
}
Event: 7.057 GC heap before
{Heap before GC invocations=16 (full 0):
 garbage-first heap   total reserved 4149248K, committed 96256K, used 82613K [0x0000000702c00000, 0x0000000800000000)
  region size 2048K, 25 young (51200K), 3 survivors (6144K)
 Metaspace       used 59861K, committed 60608K, reserved 1114112K
  class space    used 8631K, committed 8960K, reserved 1048576K
}
Event: 7.061 GC heap after
{Heap after GC invocations=17 (full 0):
 garbage-first heap   total reserved 4149248K, committed 96256K, used 38780K [0x0000000702c00000, 0x0000000800000000)
  region size 2048K, 2 young (4096K), 2 survivors (4096K)
 Metaspace       used 59861K, committed 60608K, reserved 1114112K
  class space    used 8631K, committed 8960K, reserved 1048576K
}
Event: 8.122 GC heap before
{Heap before GC invocations=17 (full 0):
 garbage-first heap   total reserved 4149248K, committed 96256K, used 83836K [0x0000000702c00000, 0x0000000800000000)
  region size 2048K, 24 young (49152K), 2 survivors (4096K)
 Metaspace       used 63376K, committed 64128K, reserved 1114112K
  class space    used 9199K, committed 9536K, reserved 1048576K
}
Event: 8.127 GC heap after
{Heap after GC invocations=18 (full 0):
 garbage-first heap   total reserved 4149248K, committed 96256K, used 40508K [0x0000000702c00000, 0x0000000800000000)
  region size 2048K, 3 young (6144K), 3 survivors (6144K)
 Metaspace       used 63376K, committed 64128K, reserved 1114112K
  class space    used 9199K, committed 9536K, reserved 1048576K
}
Event: 8.485 GC heap before
{Heap before GC invocations=18 (full 0):
 garbage-first heap   total reserved 4149248K, committed 96256K, used 81468K [0x0000000702c00000, 0x0000000800000000)
  region size 2048K, 23 young (47104K), 3 survivors (6144K)
 Metaspace       used 65733K, committed 66560K, reserved 1114112K
  class space    used 9504K, committed 9856K, reserved 1048576K
}
Event: 8.491 GC heap after
{Heap after GC invocations=19 (full 0):
 garbage-first heap   total reserved 4149248K, committed 96256K, used 43565K [0x0000000702c00000, 0x0000000800000000)
  region size 2048K, 3 young (6144K), 3 survivors (6144K)
 Metaspace       used 65733K, committed 66560K, reserved 1114112K
  class space    used 9504K, committed 9856K, reserved 1048576K
}
Event: 8.895 GC heap before
{Heap before GC invocations=19 (full 0):
 garbage-first heap   total reserved 4149248K, committed 96256K, used 82477K [0x0000000702c00000, 0x0000000800000000)
  region size 2048K, 22 young (45056K), 3 survivors (6144K)
 Metaspace       used 69419K, committed 70208K, reserved 1114112K
  class space    used 10175K, committed 10496K, reserved 1048576K
}
Event: 8.900 GC heap after
{Heap after GC invocations=20 (full 0):
 garbage-first heap   total reserved 4149248K, committed 96256K, used 46576K [0x0000000702c00000, 0x0000000800000000)
  region size 2048K, 2 young (4096K), 2 survivors (4096K)
 Metaspace       used 69419K, committed 70208K, reserved 1114112K
  class space    used 10175K, committed 10496K, reserved 1048576K
}

